[    0.000000] Initializing cgroup subsys cpuset
[    0.000000] Initializing cgroup subsys cpu
[    0.000000] Initializing cgroup subsys cpuacct
[    0.000000] Linux version 4.4.0-133-generic (buildd@lgw01-amd64-029) (gcc version 5.4.0 20160609 (Ubuntu 5.4.0-6ubuntu1~16.04.10) ) #159-Ubuntu SMP Fri Aug 10 07:31:43 UTC 2018 (Ubuntu 4.4.0-133.159-generic 4.4.134)
[    0.000000] Command line: BOOT_IMAGE=/boot/vmlinuz-4.4.0-133-generic root=LABEL=cloudimg-rootfs ro console=tty1 console=ttyS0
[    0.000000] KERNEL supported cpus:
[    0.000000]   Intel GenuineIntel
[    0.000000]   AMD AuthenticAMD
[    0.000000]   Centaur CentaurHauls
[    0.000000] x86/fpu: xstate_offset[2]:  576, xstate_sizes[2]:  256
[    0.000000] x86/fpu: Supporting XSAVE feature 0x01: 'x87 floating point registers'
[    0.000000] x86/fpu: Supporting XSAVE feature 0x02: 'SSE registers'
[    0.000000] x86/fpu: Supporting XSAVE feature 0x04: 'AVX registers'
[    0.000000] x86/fpu: Enabled xstate features 0x7, context size is 832 bytes, using 'standard' format.
[    0.000000] x86/fpu: Using 'eager' FPU context switches.
[    0.000000] e820: BIOS-provided physical RAM map:
[    0.000000] BIOS-e820: [mem 0x0000000000000000-0x000000000009fbff] usable
[    0000000] BIOS-e820: [mem 0x000000000009fc00-0x000000000009ffff] reserved
[    0.000000] BIOS-e820: [mem 0x00000000000f0000-0x00000000000fffff] reserved
[    0.000000] BIOS-e820: [mem 0x0000000000100000-0x000000003ffeffff] usable
[    0.000000] BIOS-e820: [mem 0x000000003fff0000-0x000000003fffffff] ACPI data
[    0.000000] BIOS-e820: [mem 0x00000000fec00000-0x00000000fec00fff] reserved
[    0.000000] BIOS-e820: [mem 0x00000000fee00000-0x00000000fee00fff] reserved
[    0.000000] BIOS-e820: [mem 0x00000000fffc0000-0x00000000ffffffff] reserved
[    0.000000] NX (Execute Disable) protection: active
[    0.000000] SMBIOS 2.5 present.
[    0.000000] Hypervisor detected: KVM
[    0.000000] e820: last_pfn = 0x3fff0 max_arch_pfn = 0x400000000
[    0.000000] MTRR: Disabled
[    0.000000] x86/PAT: MTRRs disabled, skipping PAT initialization too.
[    0.000000] CPU MTRRs all blank - virtualized system.
[    0.000000] x86/PAT: Configuration [0-7]: WB  WT  UC- UC  WB  WT  UC- UC  
[    0.000000] found SMP MP-table at [mem 0x0009fff0-0x0009ffff] mapped at [ffff88000009fff0]
[    0.000000] Scanning 1 areas for low memory corruption
[    0.000000] RAMDISK: [mem 0x3630c000-0x3717dfff]
[    0.000000] ACPI: Early table checksum verification disabled
[    0.000000] ACPI: RSDP 0x00000000000E0000 000024 (v02 VBOX  )
[    0.000000] ACPI: XSDT 0x000000003FFF0030 00003C (v01 VBOX   VBOXXSDT 00000001 ASL  00000061)
[    0.000000] ACPI: FACP 0x000000003FFF00F0 0000F4 (v04 VBOX   VBOXFACP 00000001 ASL  00000061)
[    0.000000] ACPI: DSDT 0x000000003FFF0470 0021FF (v02 VBOX   VBOXBIOS 00000002 INTL 20100528)
[    0.000000] ACPI: FACS 0x000000003FFF0200 000040
[    0.000000] ACPI: FACS 0x000000003FFF0200 000040
[    0.000000] ACPI: APIC 0x000000003FFF0240 00005C (v02 VBOX   VBOXAPIC 00000001 ASL  00000061)
[    0.000000] ACPI: SSDT 0x000000003FFF02A0 0001CC (v01 VBOX   VBOXCPUT 00000002 INTL 20100528)
[    0.000000] No NUMA configuration found
[    0.000000] Faking a node at [mem 0x0000000000000000-0x000000003ffeffff]
[    0.000000] NODE_DATA(0) allocated [mem 0x3ffeb000-0x3ffeffff]
[    0.000000] kvm-clock: Using msrs 4b564d01 and 4b564d00
[    0.000000] kvm-clock: cpu 0, msr 0:3ffe3001, primary cpu clock
[    0.000000] kvm-clock: using sched offset of 3699334002 cycles
[    0.000000] clocksource: kvm-clock: mask: 0xffffffffffffffff max_cycles: 0x1cd42e4dffb, max_idle_ns: 881590591483 ns
[    0.000000] Zone ranges:
[    0.000000]   DMA      [mem 0x0000000000001000-0x0000000000ffffff]
[    0.000000]   DMA32    [mem 0x0000000001000000-0x000000003ffeffff]
[    0.000000]   Normal   empty
[    0.000000]   Device   empty
[    0.000000] Movable zone start for each node
[    0.000000] Early memory node ranges
[    0.000000]   node   0: [mem 0x0000000000001000-0x000000000009efff]
[    0.000000]   node   0: [mem 0x0000000000100000-0x000000003ffeffff]
[    0.000000] Initmem setup node 0 [mem 0x0000000000001000-0x000000003ffeffff]
[    0.000000] ACPI: PM-Timer IO Port: 0x4008
[    0.000000] IOAPIC[0]: apic_id 2, version 32, address 0xfec00000, GSI 0-23
[    0.000000] ACPI: INT_SRC_OVR (bus 0 bus_irq 0 global_irq 2 dfl dfl)
[    0.000000] ACPI: INT_SRC_OVR (bus 0 bus_irq 9 global_irq 9 low level)
[    0.000000] Using ACPI (MADT) for SMP configuration information
[    0.000000] smpboot: Allowing 2 CPUs, 0 hotplug CPUs
[    0.000000] PM: Registered nosave memory: [mem 0x00000000-0x00000fff]
[    0.000000] PM: Registered nosave memory: [mem 0x0009f000-0x0009ffff]
[    0.000000] PM: Registered nosave memory: [mem 0x000a0000-0x000effff]
[    0.000000] PM: Registered nosave memory: [mem 0x000f0000-0x000fffff]
[    0.000000] e820: [mem 0x40000000-0xfebfffff] available for PCI devices
[    0.000000] Booting paravirtualized kernel on KVM
[    0.000000] clocksource: refined-jiffies: mask: 0xffffffff max_cycles: 0xffffffff, max_idle_ns: 7645519600211568 ns
[    0.000000] setup_percpu: NR_CPUS:512 nr_cpumask_bits:512 nr_cpu_ids:2 nr_node_ids:1
[    0.000000] PERCPU: Embedded 34 pages/cpu @ffff88003fc00000 s99544 r8192 d31528 u1048576
[    0.000000] PV qspinlock hash table entries: 256 (order: 0, 4096 bytes)
[    0.000000] Built 1 zonelists in Node order, mobility grouping on.  Total pages: 257912
[    0.000000] Policy zone: DMA32
[    0.000000] Kernel command line: BOOT_IMAGE=/boot/vmlinuz-4.4.0-133-generic root=LABEL=cloudimg-rootfs ro console=tty1 console=ttyS0
[    0.000000] PID hash table entries: 4096 (order: 3, 32768 bytes)
[    0.000000] Memory: 997712K/1048120K available (8550K kernel code, 1314K rwdata, 4004K rodata, 1528K init, 1316K bss, 50408K reserved, 0K cma-reserved)
[    0.000000] SLUB: HWalign=64, Order=0-3, MinObjects=0, CPUs=2, Nodes=1
[    0.000000] Kernel/User page tables isolation: enabled
[    0.000000] Hierarchical RCU implementation.
[    0.000000] 	Build-time adjustment of leaf fanout to 64.
[    0.000000] 	RCU restricting CPUs from NR_CPUS=512 to nr_cpu_ids=2.
[    0.000000] RCU: Adjusting geometry for rcu_fanout_leaf=64, nr_cpu_ids=2
[    0.000000] NR_IRQS:33024 nr_irqs:440 16
[    0.000000] Console: colour VGA+ 80x25
[    0.000000] console [tty1] enabled
[    0.000000] console [ttyS0] enabled
[    0.000000] tsc: Detected 2591.584 MHz processor
[    0.224019] Calibrating delay loop (skipped) preset value.. 5183.16 BogoMIPS (lpj=10366336)
[    0.226541] pid_max: default: 32768 minimum: 301
[    0.227921] ACPI: Core revision 20150930
[    0.229993] ACPI: 2 ACPI AML tables successfully acquired and loaded
[    0.231853] Security Framework initialized
[    0.233014] Yama: becoming mindful.
[    0.234046] AppArmor: AppArmor initialized
[    0.235069] Dentry cache hash table entries: 131072 (order: 8, 1048576 bytes)
[    0.237677] Inode-cache hash table entries: 65536 (order: 7, 524288 bytes)
[    0.239251] Mount-cache hash table entries: 2048 (order: 2, 16384 bytes)
[    0.240671] Mountpoint-cache hash table entries: 2048 (order: 2, 16384 bytes)
[    0.242262] Initializing cgroup subsys io
[    0.243194] Initializing cgroup subsys memory
[    0.244242] Initializing cgroup subsys devices
[    0.245428] Initializing cgroup subsys freezer
[    0.246394] Initializing cgroup subsys net_cls
[    0.247411] Initializing cgroup subsys perf_event
[    0.248425] Initializing cgroup subsys net_prio
[    0.249423] Initializing cgroup subsys hugetlb
[    0.250368] Initializing cgroup subsys pids
[    0.251699] mce: CPU supports 0 MCE banks
[    0.252601] Last level iTLB entries: 4KB 512, 2MB 8, 4MB 8
[    0.254010] Last level dTLB entries: 4KB 512, 2MB 32, 4MB 32, 1GB 0
[    0.255703] Spectre V2 : Mitigation: Full generic retpoline
[    0.256928] Spectre V2 : Speculation control IBPB not-supported IBRS not-supported
[    0.258391] Speculative Store Bypass: Vulnerable
[    0.262522] Freeing SMP alternatives memory: 32K
[    0.272393] ftrace: allocating 32262 entries in 127 pages
[    0.332701] smpboot: APIC(0) Converting physical 0 to logical package 0
[    0.335875] smpboot: Max logical packages: 1
[    0.337393] x2apic enabled
[    0.338320] Switched APIC routing to physical x2apic.
[    0.341010] ..TIMER: vector=0x30 apic1=0 pin1=2 apic2=-1 pin2=-1
[    0.446078] smpboot: CPU0: Intel(R) Core(TM) i5-3320M CPU @ 2.60GHz (family: 0x6, model: 0x3a, stepping: 0x9)
[    0.459865] Performance Events: unsupported p6 CPU model 58 no PMU driver, software events only.
[    0.462504] KVM setup paravirtual spinlock
[    0.464497] x86: Booting SMP configuration:
[    0.465991] .... node  #0, CPUs:      #1
[    0.467548] kvm-clock: cpu 1, msr 0:3ffe3041, secondary cpu clock
[    0.469326] mce: CPU supports 0 MCE banks
[    0.472306] x86: Booted up 1 node, 2 CPUs
[    0.474129] smpboot: Total of 2 processors activated (10366.33 BogoMIPS)
[    0.476940] devtmpfs: initialized
[    0.481945] evm: security.selinux
[    0.483253] evm: security.SMACK64
[    0.484518] evm: security.SMACK64EXEC
[    0.485942] evm: security.SMACK64TRANSMUTE
[    0.487263] evm: security.SMACK64MMAP
[    0.488530] evm: security.ima
[    0.489542] evm: security.capability
[    0.490958] clocksource: jiffies: mask: 0xffffffff max_cycles: 0xffffffff, max_idle_ns: 7645041785100000 ns
[    0.494482] futex hash table entries: 512 (order: 3, 32768 bytes)
[    0.496757] pinctrl core: initialized pinctrl subsystem
[    0.498581] RTC time:  9:31:46, date: 08/15/18
[    0.500292] NET: Registered protocol family 16
[    0.511024] cpuidle: using governor ladder
[    0.522990] cpuidle: using governor menu
[    0.529899] PCCT header not found.
[    0.530856] ACPI: bus type PCI registered
[    0.531934] acpiphp: ACPI Hot Plug PCI Controller Driver version: 0.5
[    0.533716] PCI: Using configuration type 1 for base access
[    0.547301] ACPI: Added _OSI(Module Device)
[    0.548375] ACPI: Added _OSI(Processor Device)
[    0.549723] ACPI: Added _OSI(3.0 _SCP Extensions)
[    0.551030] ACPI: Added _OSI(Processor Aggregator Device)
[    0.553147] ACPI: Executed 1 blocks of module-level executable AML code
[    0.556791] ACPI: Interpreter enabled
[    0.557802] ACPI: (supports S0 S5)
[    0.558644] ACPI: Using IOAPIC for interrupt routing
[    0.579638] PCI: Using host bridge windows from ACPI; if necessary, use "pci=nocrs" and report a bug
[    0.649106] ACPI: PCI Root Bridge [PCI0] (domain 0000 [bus 00-ff])
[    0.660381] acpi PNP0A03:00: _OSC: OS supports [ASPM ClockPM Segments MSI]
[    0.663654] acpi PNP0A03:00: _OSC: not requesting OS control; OS requires [ExtendedConfig ASPM ClockPM MSI]
[    0.668505] acpi PNP0A03:00: fail to add MMCONFIG information, can't access extended PCI configuration space under this bridge.
[    0.671171] PCI host bridge to bus 0000:00
[    0.673906] pci_bus 0000:00: root bus resource [io  0x0000-0x0cf7 window]
[    0.675351] pci_bus 0000:00: root bus resource [io  0x0d00-0xffff window]
[    0.677006] pci_bus 0000:00: root bus resource [mem 0x000a0000-0x000bffff window]
[    0.678854] pci_bus 0000:00: root bus resource [mem 0x40000000-0xfdffffff window]
[    0.681057] pci_bus 0000:00: root bus resource [bus 00-ff]
[    0.684321] pci 0000:00:01.1: legacy IDE quirk: reg 0x10: [io  0x01f0-0x01f7]
[    0.685898] pci 0000:00:01.1: legacy IDE quirk: reg 0x14: [io  0x03f6]
[    0.688666] pci 0000:00:01.1: legacy IDE quirk: reg 0x18: [io  0x0170-0x0177]
[    0.690231] pci 0000:00:01.1: legacy IDE quirk: reg 0x1c: [io  0x0376]
[    0.710274] pci 0000:00:07.0: quirk: [io  0x4000-0x403f] claimed by PIIX4 ACPI
[    0.721836] pci 0000:00:07.0: quirk: [io  0x4100-0x410f] claimed by PIIX4 SMB
[    0.734905] ACPI: PCI Interrupt Link [LNKA] (IRQs 5 9 10 *11)
[    0.743232] ACPI: PCI Interrupt Link [LNKB] (IRQs 5 9 *10 11)
[    0.746872] ACPI: PCI Interrupt Link [LNKC] (IRQs 5 *9 10 11)
[    0.748640] ACPI: PCI Interrupt Link [LNKD] (IRQs 5 9 10 *11)
[    0.750613] ACPI: Enabled 2 GPEs in block 00 to 07
[    0.752438] vgaarb: setting as boot device: PCI:0000:00:02.0
[    0.753942] vgaarb: device added: PCI:0000:00:02.0,decodes=io+mem,owns=io+mem,locks=none
[    0.755916] vgaarb: loaded
[    0.756643] vgaarb: bridge control possible 0000:00:02.0
[    0.758221] SCSI subsystem initialized
[    0.773986] ACPI: bus type USB registered
[    0.800470] usbcore: registered new interface driver usbfs
[    0.808379] usbcore: registered new interface driver hub
[    0.810302] usbcore: registered new device driver usb
[    0.845444] PCI: Using ACPI for IRQ routing
[    0.854291] NetLabel: Initializing
[    0.871105] NetLabel:  domain hash size = 128
[    0.878423] NetLabel:  protocols = UNLABELED CIPSOv4
[    0.879833] NetLabel:  unlabeled traffic allowed by default
[    0.902090] amd_nb: Cannot enumerate AMD northbridges
[    0.906125] clocksource: Switched to clocksource kvm-clock
[    .958] ppmo AArmor Filesystem Enabled
[    1.176327] pnp: PnP ACPI init
[    1.178306] pnp: PnP ACPI: found 3 devices

[    1.190833] clocksource: acpi_pm: mask: 0xffffff max_cycles: 0xffffff, max_idle_ns: 2085701024 ns
[    1.193805] NET: Registered protocol family 2
[    1.195343] TCP established hash table entries: 8192 (order: 4, 65536 bytes)
[    1.197269] TCP bind hash table entries: 8192 (order: 5, 131072 bytes)
[    1.199048] TCP: Hash tables configured (established 8192 bind 8192)
[    1.200849] UDP hash table entries: 512 (order: 2, 16384 bytes)
[    1.202542] UDP-Lite hash table entries: 512 (order: 2, 16384 bytes)
[    1.204293] NET: Registered protocol family 1
[    1.205537] pci 0000:00:00.0: Limiting direct PCI/PCI transfers
[    1.207623] pci 0000:00:01.0: Activating ISA DMA hang workarounds
[    1.209566] Unpacking initramfs...
[  14402Fring initrd meor: 47K
[    1.804724] RAPL PMU detected, API unit is 2^-32 Joules, 3 fixed counters 10737418240 ms ovfl timer
[    1.809280] hw unit of domain pp0-core 2^-0 Joules
[    1.810422] hw unit of domain package 2^-0 Joules
[    1.811853] hw unit of domain pp1-gpu 2^-0 Joules
[    1.813505] platform rtc_cmos: registered platform RTC device (no PNP device found)
[    1.816041] Scanning for low memory corruption every 60 seconds
[    1.818564] audit: initializing netlink subsys (disabled)
[    1.820632] audit: type=2000 audit(1534325512.476:1): initialized
[    1.824557] Initialise system trusted keyring
[    1.826036] HugeTLB registered 2 MB page size, pre-allocated 0 pages
[    1.828850] zbud: loaded
[    1.835784] VFS: Disk quotas dquot_6.6.0
[    1.842759] VFS: Dquot-cache hash table entries: 512 (order 0, 4096 bytes)
[    1.844795] squashfs: version 4.0 (2009/01/31) Phillip Lougher
[    1.847828] fuse init (API version 7.23)
[    1.848931] Key type big_key registered
[    1.850022] Allocating IMA MOK and blacklist keyrings.
[    1.852979] Key type asymmetric registered
[    1.853987] Asymmetric key parser 'x509' registered
[    1.855391] Block layer SCSI generic (bsg) driver version 0.4 loaded (major 249)
[    1.860267] io scheduler noop registered
[    1.861154] io scheduler deadline registered (default)
[    1.862263] io scheduler cfq registered
[    1.863273] pci_hotplug: PCI Hot Plug PCI Core version: 0.5
[    1.864424] pciehp: PCI Express Hot Plug Controller Driver version: 0.4
[    1.866202] ACPI: AC Adapter [AC] (on-line)
[    1.867546] input: Power Button as /devices/LNXSYSTM:00/LNXPWRBN:00/input/input0
[    1.869169] ACPI: Power Button [PWRF]
[    1.870624] input: Sleep Button as /devices/LNXSYSTM:00/LNXSLPBN:00/input/input1
[    1.880371] ACPI: Sleep Button [SLPF]
[    1.881840] GHES: HEST is not enabled!
[    1.882958] ACPI: Battery Slot [BAT0] (battery present)
[    1.891668] Serial: 8250/16550 driver, 32 ports, IRQ sharing enabled
[    1.916271] 00:02: ttyS0 at I/O 0x3f8 (irq = 4, base_baud = 115200) is a 16550A
[    1.922486] Linux agpgart interface v0.103
[    1.926564] loop: module loaded
[    1.928355] scsi host0: ata_piix
[    1.929660] scsi host1: ata_piix
[    1.931102] ata1: PATA max UDMA/33 cmd 0x1f0 ctl 0x3f6 bmdma 0xd000 irq 14
[    1.933370] ata2: PATA max UDMA/33 cmd 0x170 ctl 0x376 bmdma 0xd008 irq 15
[    1.936217] libphy: Fixed MDIO Bus: probed
[    1.937717] tun: Universal TUN/TAP device driver, 1.6
[    1.944569] tun: (C) 1999-2004 Max Krasnyansky <maxk@qualcomm.com>
[    1.946044] PPP generic driver version 2.4.2
[    1.947532] ehci_hcd: USB 2.0 'Enhanced' Host Controller (EHCI) Driver
[    1.952213] ehci-pci: EHCI PCI platform driver
[    1.953627] ehci-platform: EHCI generic platform driver
[    1.955282] ohci_hcd: USB 1.1 'Open' Host Controller (OHCI) Driver
[    1.957223] ohci-pci: OHCI PCI platform driver
[    1.962859] ohci-platform: OHCI generic platform driver
[    1.964435] uhci_hcd: USB Universal Host Controller Interface driver
[    1.966381] i8042: PNP: PS/2 Controller [PNP0303:PS2K,PNP0f03:PS2M] at 0x60,0x64 irq 1,12
[    1.969428] serio: i8042 KBD port at 0x60,0x64 irq 1
[    1.970898] serio: i8042 AUX port at 0x60,0x64 irq 12
[    1.972531] mousedev: PS/2 mouse device common for all mice
[    1.974475] input: AT Translated Set 2 keyboard as /devices/platform/i8042/serio0/input/input2
[    1.980722] rtc_cmos rtc_cmos: rtc core: registered rtc_cmos as rtc0
[    1.983594] rtc_cmos rtc_cmos: alarms up to one day, 114 bytes nvram
[    1.987742] i2c /dev entries driver
[    1.991195] device-mapper: uevent: version 1.0.3
[    1.992340] device-mapper: ioctl: 4.34.0-ioctl (2015-10-28) initialised: dm-devel@redhat.com
[    1.994196] ledtrig-cpu: registered to indicate activity on CPUs
[    1.999923] NET: Registered protocol family 10
[    2.001248] NET: Registered protocol family 17
[    2.002650] Key type dns_resolver registered
[    2.004026] registered taskstats version 1
[    2.005166] Loading compiled-in X.509 certificates
[    2.008238] Loaded X.509 cert 'Build time autogenerated kernel key: 2bd7eec8ea2fedbeeda78e0b663eb647cf617c40'
[    2.012656] zswap: loaded using pool lzo/zbud
[    2.017575] Key type trusted registered
[    2.023617] Key type encrypted registered
[    2.027384] AppArmor: AppArmor sha1 policy hashing enabled
[    2.034642] ima: No TPM chip found, activating TPM-bypass!
[    2.036202] ima: Allocated hash algorithm: sha1
[    2.037390] evm: HMAC attrs: 0x1
[    2.038669]   Magic number: 14:569:525
[    2.039700] rtc_cmos rtc_cmos: setting system clock to 2018-08-15 09:31:47 UTC (1534325507)
[    2.041995] BIOS EDD facility v0.16 2004-Jun-25, 0 devices found
[    2.044654] EDD information not available.
[    2.091777] Freeing unused kernel memory: 1528K
[    2.098828] Write protecting the kernel read-only data: 14336k
[    3.291546] tsc: Refined TSC clocksource calibration: 2591.889 MHz
[    4.503715] clocksource: tsc: mask: 0xffffffffffffffff max_cycles: 0x255c4dd5d71, max_idle_ns: 440795283466 ns
[    4.506946] Freeing unused kernel memory: 1676K
[    4.508247] Freeing unused kernel memory: 92K
Loading, please wait...
starting version 229
[    4.524260] random: systemd-udevd: uninitialized urandom read (16 bytes read, 3 bits of entropy available)
[    4.524993] random: udevadm: uninitialized urandom read (16 bytes read, 3 bits of entropy available)
[    4.525034] random: udevadm: uninitialized urandom read (16 bytes read, 3 bits of entropy available)
[    4.537358] random: udevadm: uninitialized urandom read (16 bytes read, 3 bits of entropy available)
[    4.537407] random: udevadm: uninitialized urandom read (16 bytes read, 3 bits of entropy available)
[    4.537596] random: udevadm: uninitialized urandom read (16 bytes read, 3 bits of entropy available)
[    4.537658] random: udevadm: uninitialized urandom read (16 bytes read, 3 bits of entropy available)
[    4.537721] random: udevadm: uninitialized urandom read (16 bytes read, 3 bits of entropy available)
[    4.537782] random: udevadm: uninitialized urandom read (16 bytes read, 3 bits of entropy available)
[    4.537843] random: udevadm: uninitialized urandom read (16 bytes read, 3 bits of entropy available)
[    4.616441] e1000: Intel(R) PRO/1000 Network Driver - version 7.3.21-k8-NAPI
[    4.619855] e1000: Copyright (c) 1999-2006 Intel Corporation.
[    4.622516] Fusion MPT base driver 3.04.20
[    4.623697] Copyright (c) 1999-2008 LSI Corporation
[    4.629747] Fusion MPT SPI Host driver 3.04.20
[    4.645920] AVX version of gcm_enc/dec engaged.
[    4.647349] AES CTR mode by8 optimization enabled
[    4.834900] input: ImExPS/2 Generic Explorer Mouse as /devices/platform/i8042/serio1/input/input4
[    5.024803] e1000 0000:00:03.0 eth0: (PCI:33MHz:32-bit) 02:48:3e:15:b5:0c
[    5.029048] e1000 0000:00:03.0 eth0: Intel(R) PRO/1000 Network Connection
[    5.426943] e1000 0000:00:08.0 eth1: (PCI:33MHz:32-bit) 08:00:27:43:87:05
[    5.428498] e1000 0000:00:08.0 eth1: Intel(R) PRO/1000 Network Connection
[    5.433220] e1000 0000:00:08.0 enp0s8: renamed from eth1
[    5.434538] mptbase: ioc0: Initiating bringup
[    5.446724] e1000 0000:00:03.0 enp0s3: renamed from eth0
[    5.494646] ioc0: LSI53C1030 A0: Capabilities={Initiator}
[    5.686893] scsi host2: ioc0: LSI53C1030 A0, FwRev=00000000h, Ports=1, MaxQ=256, IRQ=20
[    5.807563] scsi 2:0:0:0: Direct-Access     VBOX     HARDDISK         1.0  PQ: 0 ANSI: 5
[    5.814749] scsi target2:0:0: Beginning Domain Validation
[    5.823126] scsi target2:0:0: Domain Validation skipping write tests
[    5.852339] scsi target2:0:0: Ending Domain Validation
[    5.865450] scsi target2:0:0: asynchronous
[    5.868727] scsi 2:0:1:0: Direct-Access     VBOX     HARDDISK         1.0  PQ: 0 ANSI: 5
[    5.872835] scsi target2:0:1: Beginning Domain Validation
[    5.878921] scsi target2:0:1: Domain Validation skipping write tests
[    5.882129] scsi target2:0:1: Ending Domain Validation
[    5.883667] scsi target2:0:1: asynchronous
[    5.910608] sd 2:0:0:0: Attached scsi generic sg0 type 0
[    5.918063] sd 2:0:0:0: [sda] 20971520 512-byte logical blocks: (10.7 GB/10.0 GiB)
[    5.920675] sd 2:0:0:0: [sda] Write Protect is off
[    5.922689] sd 2:0:1:0: Attached scsi generic sg1 type 0
[    5.924357] sd 2:0:0:0: [sda] Incomplete mode parameter data
[    5.926034] sd 2:0:0:0: [sda] Assuming drive cache: write through
[    5.926082] sd 2:0:1:0: [sdb] 20480 512-byte logical blocks: (10.5 MB/10.0 MiB)
[    5.930363] sd 2:0:1:0: [sdb] Write Protect is off
[    5.932291] sd 2:0:1:0: [sdb] Incomplete mode parameter data
[    5.932839]  sda: sda1
[    5.934694] sd 2:0:1:0: [sdb] Assuming drive cache: write through
[    5.937033] sd 2:0:0:0: [sda] Attached SCSI disk
[    5.942035] sd 2:0:1:0: [sdb] Attached SCSI disk
Begin: Loading essential drivers ... [    7.367435] md: linear personality registered for level -1
[    7.371543] md: multipath personality registered for level -4
[    7.381539] md: raid0 personality registered for level 0
[    7.386317] md: raid1 personality registered for level 1
[    7.458296] raid6: sse2x1   gen()  8379 MB/s
[    7.526236] raid6: sse2x1   xor()  6861 MB/s
[    7.594176] raid6: sse2x2   gen() 10458 MB/s
[    7.662152] raid6: sse2x2   xor()  7341 MB/s
[    7.730151] raid6: sse2x4   gen() 11654 MB/s
[    7.802474] raid6: sse2x4   xor()  8887 MB/s
[    7.803583] raid6: using algorithm sse2x4 gen() 11654 MB/s
[    7.809355] raid6: .... xor() 8887 MB/s, rmw enabled
[    7.816148] raid6: using ssse3x2 recovery algorithm
[    7.832328] xor: automatically using best checksumming function:
[    7.874380]    avx       : 17837.000 MB/sec
[    7.876986] async_tx: api initialized (async)
[    7.887236] md: raid6 personality registered for level 6
[    7.889152] md: raid5 personality registered for level 5
[    7.890987] md: raid4 personality registered for level 4
[    7.898096] md: raid10 personality registered for level 10
done.
Begin: Running /scripts/init-premount ... done.
Begin: Mounting root file system ... Begin: Running /scripts/local-top ... done.
Begin: Running /scripts/local-premount ... [    7.937208] Btrfs loaded
Scanning for Btrfs filesystems
done.
Warning: fsck not present, so skipping root file system
[    7.970036] EXT4-fs (sda1): mounted filesystem with ordered data mode. Opts: (null)
done.
Begin: Running /scripts/local-bottom ... done.
Begin: Running /scripts/init-bottom ... done.
[    8.098908] systemd[1]: systemd 229 running in system mode. (+PAM +AUDIT +SELINUX +IMA +APPARMOR +SMACK +SYSVINIT +UTMP +LIBCRYPTSETUP +GCRYPT +GNUTLS +ACL +XZ -LZ4 +SECCOMP +BLKID +ELFUTILS +KMOD -IDN)
[    8.182607] systemd[1]: Detected virtualization oracle.
[    8.183881] systemd[1]: Detected architecture x86-64.

Welcome to [1mUbuntu 16.04.5 LTS[0m!

[    8.191831] systemd[1]: Set hostname to <ubuntu>.
[    8.209524] systemd[1]: Initializing machine ID from random generator.
[    8.210946] systemd[1]: Installed transient /etc/machine-id file.
[    8.380010] systemd[1]: Reached target Encrypted Volumes.
[[0;32m  OK  [0m] Reached target Encrypted Volumes.
[    8.383832] systemd[1]: Created slice System Slice.
[[0;32m  OK  [0m] Created slice System Slice.
[    8.387068] systemd[1]: Created slice system-serial\x2dgetty.slice.
[[0;32m  OK  [0m] Created slice system-serial\x2dgetty.slice.
[    8.390551] systemd[1]: Listening on Syslog Socket.
[[0;32m  OK  [0m] Listening on Syslog Socket.
[    8.393898] systemd[1]: Started Trigger resolvconf update for networkd DNS.
[[0;32m  OK  [0m] Started Trigger resolvconf update for networkd DNS.
[    8.398085] systemd[1]: Reached target Swap.
[[0;32m  OK  [0m] Reached target Swap.
[    8.401021] systemd[1]: Created slice User and Session Slice.
[[0;32m  OK  [0m] Created slice User and Session Slice.
[    8.404578] systemd[1]: Set up automount Arbitrary Executable File Formats File System Automount Point.
[[0;32m  OK  [0m] Set up automount Arbitrary Executab...ats File System Automount Point.
[    8.409593] systemd[1]: Reached target System Time Synchronized.
[[0;32m  OK  [0m] Reached target System Time Synchronized.
[    8.413459] systemd[1]: Reached target User and Group Name Lookups.
[[0;32m  OK  [0m] Reached target User and Group Name Lookups.
[    8.417564] systemd[1]: Listening on Journal Audit Socket.
[[0;32m  OK  [0m] Listening on Journal Audit Socket.
[    8.421470] systemd[1]: Listening on LVM2 metadata daemon socket.
[[0;32m  OK  [0m] Listening on LVM2 metadata daemon socket.
[    8.425446] systemd[1]: Listening on Device-mapper event daemon FIFOs.
[[0;32m  OK  [0m] Listening on Device-mapper event daemon FIFOs.
[    8.429209] systemd[1]: Listening on udev Kernel Socket.
[[0;32m  OK  [0m] Listening on udev Kernel Socket.
[    8.431571] systemd[1]: Listening on LVM2 poll daemon socket.
[[0;32m  OK  [0m] Listening on LVM2 poll daemon socket.
[    8.434951] systemd[1]: Listening on Journal Socket (/dev/log).
[[0;32m  OK  [0m] Listening on Journal Socket (/dev/log).
[    8.437440] systemd[1]: Listening on Journal Socket.
[[0;32m  OK  [0m] Listening on Journal Socket.
[    8.450611] systemd[1]: Starting Journal Service...
         Starting Journal Service...
[    8.456840] systemd[1]: Starting Load Kernel Modules...
         Starting Load Kernel Modules...
[    8.462469] systemd[1]: Starting Monitoring of LVM2 mirrors, snapshots etc. using dmeventd or progress polling...
         [    8.471362] Loading iSCSI transport class v2.0-870.
Starting Monitoring of LVM2 mirrors... dmeventd or progress polling...
[    8.489915] iscsi: registered transport (tcp)
[    8.494727] systemd[1]: Starting Uncomplicated firewall...
         Starting Uncomplicated firewall...
[    8.498159] systemd[1]: Mounting Huge Pages File System...
         Mounting Huge Pages File System...
[    8.504097] systemd[1]: Starting Remount Root and Kernel File Systems...
         Starting Remount Root and Kernel File Systems...
[    8.508915] systemd[1]: Starting Set console keymap...
         Starting Set console keymap...
[    8.517974] systemd[1]: Mounting Debug File System...
[    8.521014] EXT4-fs (sda1): re-mounted. Opts: (null)
         Mounting Debug File System...
[    8.525331] systemd[1]: Reached target Slices.
[[0;32m  OK  [0m] Reached target Slices.
[    8.529879] systemd[1]: Mounting POSIX Message Queue File System...
         Mounting POSIX Message Queue File System...
[    8.535286] systemd[1]: Started Forward Password Requests to Wall Directory Watch.
[[0;32m  OK  [0m] Started Forward Password Requests to Wall Directory Watch.
[    8.541507] systemd[1]: Starting Nameserver information manager...
         Starting Nameserver information manager...
[    8.544946] systemd[1]: Listening on udev Control Socket.
[[0;32m  OK  [0m] Listening on udev Control Socket.
[    8.555588] systemd[1]: Listening on /dev/initctl Compatibility Named Pipe.
[[0;32m  OK  [0m] Listening on /dev/initctl Compatibility Named Pipe.
[    8.561451] systemd[1]: Starting Create list of required static device nodes for the current kernel...
         Starting Create list of required st... nodes for the current kernel...
[    8.570130] systemd[1]: Mounted Debug File System.
[[0;32m  OK  [0m] Mounted Debug File System.
[    8.573735] systemd[1]: Mounted POSIX Message Queue File System.
[[0;32m  OK  [0m] Mounted POSIX Message Queue File System.
[    8.578142] systemd[1]: Mounted Huge Pages File System.
[    8.579962] iscsi: registered transport (iser)
[[0;32m  OK  [0m] Mounted Huge Pages File System.
[    8.582471] systemd[1]: Started Journal Service.
[[0;32m  OK  [0m] Started Journal Service.
[[0;32m  OK  [0m] Started Load Kernel Modules.
[[0;32m  OK  [0m] Started Uncomplicated firewall.
[[0;32m  OK  [0m] Started Remount Root and Kernel File Systems.
[[0;32m  OK  [0m] Started Set console keymap.
[[0;32m  OK  [0m] Started Create list of required sta...ce nodes for the current kernel.
[[0;32m  OK  [0m] Started Nameserver information manager.
[[0;32m  OK  [0m] Started LVM2 metadata daemon.
         Starting Create Static Device Nodes in /dev...
         Starting Load/Save Random Seed...
         Starting udev Coldplug all Devices...
         Mounting FUSE Control File System...
         Starting Apply Kernel Variables...
         Starting Flush Journal to Persistent Storage...
[[0;32m  OK  [0m] Mounted FUSE Control File System.
[[0;32m  OK  [0m] Started Load/Save Random Seed.
[[0;32m  OK  [0m] Started Apply Kernel Variables.
[[0;32m  OK  [0m] Started Create Static Device Nodes in /dev.
[[0;32m  OK  [0m] Started Flush Journal to Persistent Storage.
         Starting udev Kernel Device Manager...
[[0;32m  OK  [0m] Started udev Coldplug all Devices.
[[0;32m  OK  [0m] Started udev Kernel Device Manager.
[[0;32m  OK  [0m] Started Dispatch Password Requests to Console Directory Watch.
[[0;32m  OK  [0m] Found device /dev/ttyS0.
[[0;32m  OK  [0m] Listening on Load/Save RF Kill Switch Status /dev/rfkill Watch.
[[0;32m  OK  [0m] Started Monitoring of LVM2 mirrors,...ng dmeventd or progress polling.
[[0;32m  OK  [0m] Reached target Local File Systems (Pre).
[[0;32m  OK  [0m] Reached target Local File Systems.
         Starting Set console font and keymap...
         Starting Initial cloud-init job (pre-networking)...
         Starting Tell Plymouth To Write Out Runtime Data...
         Starting Create Volatile Files and Directories...
         Starting LSB: AppArmor initialization...
         Starting Commit a transient machine-id on disk...
[[0;32m  OK  [0m] Started Tell Plymouth To Write Out Runtime Data.
[[0;32m  OK  [0m] Started Create Volatile Files and Directories.
[[0;32m  OK  [0m] Started Commit a transient machine-id on disk.
[[0;32m  OK  [0m] Started Set console font and keymap.
[[0;32m  OK  [0m] Created slice system-getty.slice.
         Starting Update UTMP about System Boot/Shutdown...
[[0;32m  OK  [0m] Started Update UTMP about System Boot/Shutdown.
[   10.560016] cloud-init[617]: Cloud-init v. 18.3-9-g2e62cb8a-0ubuntu1~16.04.2 running 'init-local' at Wed, 15 Aug 2018 09:31:56 +0000. Up 10.06 seconds.
[[0;32m  OK  [0m] Started Initial cloud-init job (pre-networking).
[[0;32m  OK  [0m] Reached target Network (Pre).
[[0;32m  OK  [0m] Started LSB: AppArmor initialization.
         Starting Raise network interfaces...
[[0;32m  OK  [0m] Started Raise network interfaces.
         Starting Initial cloud-init job (metadata service crawler)...
[[0;32m  OK  [0m] Reached target Network.
[   11.937339] cloud-init[935]: Cloud-init v. 18.3-9-g2e62cb8a-0ubuntu1~16.04.2 running 'init' at Wed, 15 Aug 2018 09:31:57 +0000. Up 11.18 seconds.
[   11.940786] cloud-init[935]: ci-info: ++++++++++++++++++++++++++++++++++++++Net device info+++++++++++++++++++++++++++++++++++++++
[   11.944331] cloud-init[935]: ci-info: +--------+-------+----------------------------+---------------+--------+-------------------+
[   11.955507] cloud-init[935]: ci-info: | Device |   Up  |          Address           |      Mask     | Scope  |     Hw-Address    |
[   11.964496] cloud-init[935]: ci-info: +--------+-------+----------------------------+---------------+--------+-------------------+
[   11.968656] cloud-init[935]: ci-info: | enp0s3 |  True |         10.0.2.15          | 255.255.255.0 | global | 02:48:3e:15:b5:0c |
[   11.976409] cloud-init[935]: ci-info: | enp0s3 |  True | fe80::48:3eff:fe15:b50c/64 |       .       |  link  | 02:48:3e:15:b5:0c |
[   11.984400] cloud-init[935]: ci-info: | enp0s8 | False |             .              |       .       |   .    | 08:00:27:43:87:05 |
[   11.992410] cloud-init[935]: ci-info: |   lo   |  True |         127.0.0.1          |   255.0.0.0   |  host  |         .         |
[   12.000385] cloud-init[935]: ci-info: |   lo   |  True |          ::1/128           |       .       |  host  |         .         |
[   12.004442] cloud-init[935]: ci-info: +--------+-------+----------------------------+---------------+--------+-------------------+
[   12.012787] cloud-init[935]: ci-info: +++++++++++++++++++++++++++Route IPv4 info++++++++++++++++++++++++++++
[   12.016231] cloud-init[935]: ci-info: +-------+-------------+----------+---------------+-----------+-------+
[   12.019416] cloud-init[935]: ci-info: | Route | Destination | Gateway  |    Genmask    | Interface | Flags |
[   12.022464] cloud-init[935]: ci-info: +-------+-------------+----------+---------------+-----------+-------+
[   12.049180] cloud-init[935]: ci-info: |   0   |   0.0.0.0   | 10.0.2.2 |    0.0.0.0    |   enp0s3  |   UG  |
[   12.052377] cloud-init[935]: ci-info: |   1   |   10.0.2.0  | 0.0.0.0  | 255.255.255.0 |   enp0s3  |   U   |
[   12.055571] cloud-init[935]: ci-info: +-------+-------------+----------+---------------+-----------+-------+
[   12.058699] cloud-init[935]: ci-info: +++++++++++++++++++Route IPv6 info+++++++++++++++++++
[   12.059018] cloud-init[935]: ci-info: +-------+-------------+---------+-----------+-------+
[   12.059263] cloud-init[935]: ci-info: | Route | Destination | Gateway | Interface | Flags |
[   12.059548] cloud-init[935]: ci-info: +-------+-------------+---------+-----------+-------+
[   12.059807] cloud-init[935]: ci-info: |   0   |  fe80::/64  |    ::   |   enp0s3  |   U   |
[   12.060232] cloud-init[935]: ci-info: |   3   |   ff00::/8  |    ::   |   enp0s3  |   U   |
[   12.061412] cloud-init[935]: ci-info: +-------+-------------+---------+-----------+-------+
[   12.061655] cloud-init[935]: Generating public/private rsa key pair.
[   12.061871] cloud-init[935]: Your identification has been saved in /etc/ssh/ssh_host_rsa_key.
[   12.062150] cloud-init[935]: Your public key has been saved in /etc/ssh/ssh_host_rsa_key.pub.
[   12.062359] cloud-init[935]: The key fingerprint is:
[   12.063226] cloud-init[935]: SHA256:dkv8y/9iaDhXDJoJkzeZq/OBJQIUV8jhpht/udIGiSI root@ubuntu-xenial
[[0;32m  OK  [0m] Started Initial cloud-init job (metadata service crawler).
[   12.064308] cloud-init[935]: The key's randomart image is:
[   12.100654] cloud-init[935]: +---[RSA 2048]----+
[   12.102485] cloud-init[935]: |    ooo+.        |
[[   12.104387] cloud-init[935]: |   . oo          |
[   12.104537] cloud-init[935]: |    . o  . o     |
[   12.104822] cloud-init[935]: |     +  +.= .    |
[   12.105094] cloud-init[935]: |    o...S+=* o   |
[   12.105339] cloud-init[935]: |E . .+oo B=o  o  |
[   12.105599] cloud-init[935]: | . .. .o+.o..o   |
[   12.105873] cloud-init[935]: |      ..=.oo+.o  |
[   12.106154] cloud-init[935]: |       o.o.+oo.o.|
[   12.109550] cloud-init[935]: +----[SHA256]-----+
[   12.109797] cloud-init[935]: Generating public/private dsa key pair.
[   12.110095] cloud-init[935]: Your identification has been saved in /etc/ssh/ssh_host_dsa_key.
[   12.110357] cloud-init[935]: Your public key has been saved in /etc/ssh/ssh_host_dsa_key.pub.
[   12.110636] cloud-init[935]: The key fingerprint is:
[   12.110909] cloud-init[935]: SHA256:2facwtR7aEjwkVlzBHJsiPXTuIoYJ/n8Z/Dm7xKM3zo root@ubuntu-xenial
[   12.111186] cloud-init[935]: The key's randomart image is:
[   12.111480] cloud-init[935]: +---[DSA 1024]----+
[   12.113418] cloud-init[935]: |         ooo=oo  |
[   12.113662] cloud-init[935]: |        . .Bo=   |
[   12.113914] cloud-init[935]: |        . +.+ .  |
[   12.114175] cloud-init[935]: |       . = o o   |
[   12.114426] cloud-init[935]: |      + S *oo    |
[   12.114717] cloud-init[935]: |       B *o=o+   |
[   12.115006] cloud-init[935]: |      . + =+Bo.  |
[   12.115231] cloud-init[935]: |         . oE..  |
[   12.115502] cloud-init[935]: |          .=o*o  |
[   12.115736] cloud-init[935]: +----[SHA256]-----+
[   12.116008] cloud-init[935]: Generating public/private ecdsa key pair.
[   12.116241] cloud-init[935]: Your identification has been saved in /etc/ssh/ssh_host_ecdsa_key.
[   12.116503] cloud-init[935]: Your public key has been saved in /etc/ssh/ssh_host_ecdsa_key.pub.
[   12.116727] cloud-init[935]: The key fingerprint is:
[   12.117029] cloud-init[935]: SHA256:SH72u3mAFdfUnQ06dC+mun0wsSF/DFgUVNJlEXyEoJU root@ubuntu-xenial
[   12.117254] cloud-init[935]: The key's randomart image is:
[   12.117529] cloud-init[935]: +---[ECDSA 256]---+
[   12.117751] cloud-init[935]: |           oOO*OX|
[   12.118050] cloud-init[935]: |          .+E++==|
[   12.118257] cloud-init[935]: |      .   .=o o o|
[   12.121616] cloud-init[935]: |     o .  + ++ . |
[   12.122609] cloud-init[935]: |      o So o.*   |
[   12.122843] cloud-init[935]: |       o....= o  |
[   12.123148] cloud-init[935]: |          o. +   |
[   12.123411] cloud-init[935]: |           =. .  |
[   12.123699] cloud-init[935]: |          =o..   |
[   12.123990] cloud-init[935]: +----[SHA256]-----+
[   12.126960] cloud-init[935]: Generating public/private ed25519 key pair.
[0;32m  OK  [0m] Reached target Cloud-config availability.
[   12.128792] cloud-init[935]: Your identification has been saved in /etc/ssh/ssh_host_ed25519_key.
[   12.164034] cloud-init[935]: Your public key has been saved in /etc/ssh/ssh_host_ed25519_key.pub.
[   12.164738] cloud-init[935]: The key fingerprint is:
[   12.165508] cloud-init[935]: SHA256:ZRWwb2RXM1PUP5w3b9Tq5vrSBIRk91KI82Jw0P/GEc8 root@ubuntu-xenial
[   12.165755] cloud-init[935]: The key's randomart image is:
[   12.166050] cloud-init[935]: +--[ED25519 256]--+
[[0;32m  OK  [0m] Reached target System Initialization.
[   12.169731] cloud-init[935]: |        .++++o.=*|
         Starting LXD - unix socket.[   12.183727] cloud-init[935]: |        ..*+oo..=|
[   12.184804] cloud-init[935]: |         o+=+ +++|
[   12.185540] cloud-init[935]: |         oo++o.=E|
[   12.185776] cloud-init[935]: |        S. .o+ +=|
[   12.186040] cloud-init[935]: |           .  * o|
[   12.186290] cloud-init[935]: |             = . |
[   12.186549] cloud-init[935]: |            . +  |

[   12.186765] cloud-init[935]: |            .*o  |
[   12.215958] cloud-init[935]: +----[SHA256]-----+
[[0;32m  OK  [0m] Started ACPI Events Check.
[[0;32m  OK  [0m] Reached target Paths.
[[0;32m  OK  [0m] Started Daily apt download activities.
[[0;32m  OK  [0m] Started Daily apt upgrade and clean activities.
         Starting Socket activation for snappy daemon.
[[0;32m  OK  [0m] Listening on D-Bus System Message Bus Socket.
[[0;32m  OK  [0m] Listening on UUID daemon activation socket.
[[0;32m  OK  [0m] Listening on ACPID Listen Socket.
[[0;32m  OK  [0m] Started Daily Cleanup of Temporary Directories.
[[0;32m  OK  [0m] Reached target Timers.
[[0;32m  OK  [0m] Reached target Network is Online.
         Starting iSCSI initiator daemon (iscsid)...
[[0;32m  OK  [0m] Listening on LXD - unix socket.
[[0;32m  OK  [0m] Listening on Socket activation for snappy daemon.
[[0;32m  OK  [0m] Started iSCSI initiator daemon (iscsid).
         Starting Login to default iSCSI targets...
[[0;32m  OK  [0m] Reached target Sockets.
[[0;32m  OK  [0m] Reached target Basic System.
         Starting Virtualbox guest utils...
         Starting LSB: Record successful boot for GRUB...
         Starting Accounts Service...
[[0;32m  OK  [0m] Started D-Bus System Message Bus.
         Starting System Logging Service...
         Starting LXD - container startup/shutdown...
[[0;32m  OK  [0m] Started ACPI event daemon.
[[0;32m  OK  [0m] Started Unattended Upgrades Shutdown.
         Starting /etc/rc.local Compatibility...
[[0;32m  OK  [0m] Started FUSE filesystem for LXC.
[[0;32m  OK  [0m] Started Regular background program processing daemon.
         Starting LSB: MD monitoring daemon...
         Starting Login Service...
         Starting Snappy daemon...
         Starting Pollinate to seed the pseudo random number generator...
[[0;32m  OK  [0m] Started Deferred execution scheduler.
[[0;32m  OK  [0m] Started System Logging Service.
[[0;32m  OK  [0m] Started /etc/rc.local Compatibility.
[[0;32m  OK  [0m] Started Login to default iSCSI targets.
[[0;32m  OK  [0m] Started LSB: Record successful boot for GRUB.
[[0;32m  OK  [0m] Started LXD - container startup/shutdown.
         Starting Authenticate and Authorize Users to Run Privileged Tasks...
[[0;32m  OK  [0m] Reached target Remote File Systems (Pre).
[[0;32m  OK  [0m] Reached target Remote File Systems.
         Starting LSB: Set the CPU Frequency Scaling governor to "ondemand"...
         Starting LSB: automatic crash report generation...
         Starting Permit User Sessions...
         Starting LSB: daemon to balance interrupts for SMP systems...
[[0;32m  OK  [0m] Started Virtualbox guest utils.
[[0;32m  OK  [0m] Started LSB: MD monitoring daemon.
[[0;32m  OK  [0m] Started Permit User Sessions.
[[0;32m  OK  [0m] Started Login Service.
[[0;32m  OK  [0m] Started Authenticate and Authorize Users to Run Privileged Tasks.
[[0;32m  OK  [0m] Started Accounts Service.
[[0;32m  OK  [0m] Started LSB: Set the CPU Frequency Scaling governor to "ondemand".
         Starting Hold until boot process finishes up...
         Starting Terminate Plymouth Boot Screen...
[[0;32m  OK  [0m] Started Snappy daemon.
[[0;32m  OK  [0m] Started LSB: automatic crash report generation.
[[0;32m  OK  [0m] Started LSB: daemon to balance interrupts for SMP systems.
[[0;32m  OK  [0m] Started Hold until boot process finishes up.
[[0;32m  OK  [0m] Started Terminate Plymouth Boot Screen.
[[0;32m  OK  [0m] Started Serial Getty on ttyS0.
         Starting Set console scheme...
[[0;32m  OK  [0m] Started Getty on tty1.
[[0;32m  OK  [0m] Reached target Login Prompts.
         Starting Wait until snapd is fully seeded...
[[0;32m  OK  [0m] Started Set console scheme.
[[0;32m  OK  [0m] Started Pollinate to seed the pseudo random number generator.
         Starting OpenBSD Secure Shell server...
[[0;32m  OK  [0m] Started OpenBSD Secure Shell server.
[[0;32m  OK  [0m] Started Wait until snapd is fully seeded.
[[0;32m  OK  [0m] Reached target Multi-User System.
[[0;32m  OK  [0m] Reached target Graphical Interface.
         Starting Update UTMP about System Runlevel Changes...
         Starting Apply the settings specified in cloud-config...
[[0;32m  OK  [0m] Started Update UTMP about System Runlevel Changes.
[[0;32m  OK  [0m] Created slice User Slice of vagrant.
         Starting User Manager for UID 1000...
[[0;32m  OK  [0m] Started Session 1 of user vagrant.
[[0;32m  OK  [0m] Started User Manager for UID 1000.
[   15.277618] cloud-init[1266]: Generating locales (this might take a while)...
[   16.492237] cloud-init[1266]:   en_US.UTF-8... done
[   16.494521] cloud-init[1266]: Generation complete.
[   16.905040] cloud-init[1266]: Cloud-init v. 18.3-9-g2e62cb8a-0ubuntu1~16.04.2 running 'modules:config' at Wed, 15 Aug 2018 09:32:01 +0000. Up 15.02 seconds.
[[0;32m  OK  [0m] Started Apply the settings specified in cloud-config.
         Starting Execute cloud user/final scripts...
ci-info: no authorized ssh keys fingerprints found for user ubuntu.
<14>Aug 15 09:32:03 ec2: 
<14>Aug 15 09:32:03 ec2: #############################################################
<14>Aug 15 09:32:03 ec2: -----BEGIN SSH HOST KEY FINGERPRINTS-----
<14>Aug 15 09:32:03 ec2: 1024 SHA256:2facwtR7aEjwkVlzBHJsiPXTuIoYJ/n8Z/Dm7xKM3zo root@ubuntu-xenial (DSA)
<14>Aug 15 09:32:03 ec2: 256 SHA256:SH72u3mAFdfUnQ06dC+mun0wsSF/DFgUVNJlEXyEoJU root@ubuntu-xenial (ECDSA)
<14>Aug 15 09:32:03 ec2: 256 SHA256:ZRWwb2RXM1PUP5w3b9Tq5vrSBIRk91KI82Jw0P/GEc8 root@ubuntu-xenial (ED25519)
<14>Aug 15 09:32:03 ec2: 2048 SHA256:dkv8y/9iaDhXDJoJkzeZq/OBJQIUV8jhpht/udIGiSI root@ubuntu-xenial (RSA)
<14>Aug 15 09:32:03 ec2: -----END SSH HOST KEY FINGERPRINTS-----
<14>Aug 15 09:32:03 ec2: #############################################################
-----BEGIN SSH HOST KEY KEYS-----
ecdsa-sha2-nistp256 AAAAE2VjZHNhLXNoYTItbmlzdHAyNTYAAAAIbmlzdHAyNTYAAABBBEYawrABFVkAYxP978Ica711IiB1N0dMdPS/u8dgMm70q/gUWPgXa3RhZ20PhC0I+fx6TNeEnYE9MRAV+3thNww= root@ubuntu-xenial
ssh-ed25519 AAAAC3NzaC1lZDI1NTE5AAAAINNektuMhUMQd3fHPpuqtvP/VUxKWavMsBalm90j41Hq root@ubuntu-xenial
ssh-rsa AAAAB3NzaC1yc2EAAAADAQABAAABAQDJW/ttuNemOz+w7PvN7f1q7OBPqo5SrijHCQENj9sqPTxIpkzDxcVyg+9d3ApS5CG+wkazr3keP+pQ66D3zMgcVq8ph9hDIKefHMZ6r5gQHV95Ob+N4vY6D1ld0rwMsizNC82F58c9mgWxrIg85iGVE/kqRB4bTAGkjW60Q4DIXw+APWweRP83FIm7UvJgkd9k08UAsgsxGusZFLiVrJ97TfBkpREoupPQhZHXq9wwa+GfiYkixkVTtnVOgWSjjax6jfK8DIeODW814xsFiHq8HtP4QO7oCrm0HTICxtkud72Pkrh8X6wmWsSiFhQgE8d3YxJrkzOV4eY4zQa+MkD9 root@ubuntu-xenial
-----END SSH HOST KEY KEYS-----
[   17.648368] cloud-init[1453]: Cloud-init v. 18.3-9-g2e62cb8a-0ubuntu1~16.04.2 running 'modules:final' at Wed, 15 Aug 2018 09:32:03 +0000. Up 17.35 seconds.
[   17.652693] cloud-init[1453]: ci-info: no authorized ssh keys fingerprints found for user ubuntu.
[   17.655642] cloud-init[1453]: Cloud-init v. 18.3-9-g2e62cb8a-0ubuntu1~16.04.2 finished at Wed, 15 Aug 2018 09:32:03 +0000. Datasource DataSourceNoCloud [seed=/dev/sdb][dsmode=net].  Up 17.63 seconds
[[0;32m  OK  [0m] Started Execute cloud user/final scripts.
[[0;32m  OK  [0m] Reached target Cloud-init target.

Ubuntu 16.04.5 LTS ubuntu-xenial ttyS0

ubuntu-xenial login: 